<?xml version="1.0" encoding="UTF-8"?>
<!-- Generated by org.testng.reporters.JUnitReportReporter -->
<testsuite hostname="HIPUNL69713" name="JTMaven.JTMaven.TestNG2" tests="1" failures="0" timestamp="16 Mar 2019 11:57:21 GMT" time="0.001" errors="0">
  <testcase name="f" time="0.001" classname="JTMaven.JTMaven.TestNG2"/>
</testsuite> <!-- JTMaven.JTMaven.TestNG2 -->
